<?xml version="1.0" encoding="UTF-8"?>
<testng-results skipped="0" failed="0" ignored="0" total="1" passed="1">
  <reporter-output>
  </reporter-output>
  <suite name="Suite" duration-ms="20238" started-at="2017-03-03T10:05:28Z" finished-at="2017-03-03T10:05:49Z">
    <groups>
    </groups>
    <test name="Test" duration-ms="20238" started-at="2017-03-03T10:05:28Z" finished-at="2017-03-03T10:05:49Z">
      <class name="com.scripts.RegestrationTest">
        <test-method status="PASS" signature="setup()[pri:0, instance:com.scripts.RegestrationTest@724af044]" name="setup" is-config="true" duration-ms="10878" started-at="2017-03-03T15:35:28Z" finished-at="2017-03-03T15:35:39Z">
          <reporter-output>
          </reporter-output>
        </test-method> <!-- setup -->
        <test-method status="PASS" signature="register()[pri:0, instance:com.scripts.RegestrationTest@724af044]" name="register" duration-ms="9330" started-at="2017-03-03T15:35:39Z" finished-at="2017-03-03T15:35:49Z">
          <reporter-output>
          </reporter-output>
        </test-method> <!-- register -->
      </class> <!-- com.scripts.RegestrationTest -->
    </test> <!-- Test -->
  </suite> <!-- Suite -->
</testng-results>
